<?xml version="1.0" encoding="UTF-8"?>
<testng-results ignored="0" total="2" passed="2" failed="0" skipped="0">
  <reporter-output>
  </reporter-output>
  <suite started-at="2023-06-27T15:05:08 IST" name="Suite" finished-at="2023-06-27T15:05:23 IST" duration-ms="14687">
    <groups>
    </groups>
    <test started-at="2023-06-27T15:05:08 IST" name="Test" finished-at="2023-06-27T15:05:23 IST" duration-ms="14687">
      <class name="test.Loginpagetest">
        <test-method is-config="true" signature="setUp()[pri:0, instance:test.Loginpagetest@618425b5]" started-at="2023-06-27T15:05:08 IST" name="setUp" finished-at="2023-06-27T15:05:17 IST" duration-ms="8933" status="PASS">
          <reporter-output>
          </reporter-output>
        </test-method> <!-- setUp -->
        <test-method signature="testing()[pri:0, instance:test.Loginpagetest@618425b5]" started-at="2023-06-27T15:05:17 IST" name="testing" finished-at="2023-06-27T15:05:18 IST" duration-ms="835" status="PASS">
          <reporter-output>
          </reporter-output>
        </test-method> <!-- testing -->
      </class> <!-- test.Loginpagetest -->
      <class name="test.Homepagetest">
        <test-method is-config="true" signature="setUp()[pri:0, instance:test.Homepagetest@7bd4937b]" started-at="2023-06-27T15:05:18 IST" name="setUp" finished-at="2023-06-27T15:05:21 IST" duration-ms="3095" status="PASS">
          <reporter-output>
          </reporter-output>
        </test-method> <!-- setUp -->
        <test-method signature="testing()[pri:0, instance:test.Homepagetest@7bd4937b]" started-at="2023-06-27T15:05:21 IST" name="testing" finished-at="2023-06-27T15:05:23 IST" duration-ms="1753" status="PASS">
          <reporter-output>
          </reporter-output>
        </test-method> <!-- testing -->
      </class> <!-- test.Homepagetest -->
    </test> <!-- Test -->
  </suite> <!-- Suite -->
</testng-results>
